<?xml version="1.0" encoding="UTF-8"?>
<testsuite xmlns:xsi="http://www.w3.org/2001/XMLSchema-instance" xsi:noNamespaceSchemaLocation="https://maven.apache.org/surefire/maven-surefire-plugin/xsd/surefire-test-report-3.0.xsd" version="3.0" name="TestSuite" time="4.614" tests="1" errors="0" skipped="0" failures="1">
  <properties>
    <property name="java.specification.version" value="22"/>
    <property name="sun.cpu.isalist" value="amd64"/>
    <property name="sun.jnu.encoding" value="Cp1252"/>
    <property name="java.class.path" value="C:\Users\sunilr.LT-LP-153\.m2\repository\org\apache\maven\surefire\surefire-shared-utils\3.1.0\surefire-shared-utils-3.1.0.jar;C:\Users\sunilr.LT-LP-153\.m2\repository\org\apache\maven\surefire\surefire-extensions-spi\3.1.0\surefire-extensions-spi-3.1.0.jar;C:\Users\sunilr.LT-LP-153\.m2\repository\org\apache\maven\surefire\surefire-api\3.1.0\surefire-api-3.1.0.jar;C:\Users\sunilr.LT-LP-153\.m2\repository\org\apache\maven\surefire\surefire-logger-api\3.1.0\surefire-logger-api-3.1.0.jar;C:\Users\sunilr.LT-LP-153\.m2\repository\org\apache\maven\surefire\surefire-booter\3.1.0\surefire-booter-3.1.0.jar;C:\Users\sunilr.LT-LP-153\Desktop\LT-appium-carina-testng\carina--demo\target\test-classes;C:\Users\sunilr.LT-LP-153\Desktop\LT-appium-carina-testng\carina--demo\target\classes;C:\Users\sunilr.LT-LP-153\.m2\repository\org\seleniumhq\selenium\selenium-java\4.19.1\selenium-java-4.19.1.jar;C:\Users\sunilr.LT-LP-153\.m2\repository\org\seleniumhq\selenium\selenium-api\4.19.1\selenium-api-4.19.1.jar;C:\Users\sunilr.LT-LP-153\.m2\repository\org\seleniumhq\selenium\selenium-chrome-driver\4.19.1\selenium-chrome-driver-4.19.1.jar;C:\Users\sunilr.LT-LP-153\.m2\repository\org\seleniumhq\selenium\selenium-chromium-driver\4.19.1\selenium-chromium-driver-4.19.1.jar;C:\Users\sunilr.LT-LP-153\.m2\repository\org\seleniumhq\selenium\selenium-manager\4.19.1\selenium-manager-4.19.1.jar;C:\Users\sunilr.LT-LP-153\.m2\repository\org\seleniumhq\selenium\selenium-devtools-v121\4.19.1\selenium-devtools-v121-4.19.1.jar;C:\Users\sunilr.LT-LP-153\.m2\repository\org\seleniumhq\selenium\selenium-devtools-v122\4.19.1\selenium-devtools-v122-4.19.1.jar;C:\Users\sunilr.LT-LP-153\.m2\repository\org\seleniumhq\selenium\selenium-devtools-v123\4.19.1\selenium-devtools-v123-4.19.1.jar;C:\Users\sunilr.LT-LP-153\.m2\repository\org\seleniumhq\selenium\selenium-devtools-v85\4.19.1\selenium-devtools-v85-4.19.1.jar;C:\Users\sunilr.LT-LP-153\.m2\repository\org\seleniumhq\selenium\selenium-edge-driver\4.19.1\selenium-edge-driver-4.19.1.jar;C:\Users\sunilr.LT-LP-153\.m2\repository\org\seleniumhq\selenium\selenium-firefox-driver\4.19.1\selenium-firefox-driver-4.19.1.jar;C:\Users\sunilr.LT-LP-153\.m2\repository\org\seleniumhq\selenium\selenium-http\4.19.1\selenium-http-4.19.1.jar;C:\Users\sunilr.LT-LP-153\.m2\repository\dev\failsafe\failsafe\3.3.2\failsafe-3.3.2.jar;C:\Users\sunilr.LT-LP-153\.m2\repository\org\seleniumhq\selenium\selenium-ie-driver\4.19.1\selenium-ie-driver-4.19.1.jar;C:\Users\sunilr.LT-LP-153\.m2\repository\org\seleniumhq\selenium\selenium-remote-driver\4.19.1\selenium-remote-driver-4.19.1.jar;C:\Users\sunilr.LT-LP-153\.m2\repository\io\opentelemetry\semconv\opentelemetry-semconv\1.23.1-alpha\opentelemetry-semconv-1.23.1-alpha.jar;C:\Users\sunilr.LT-LP-153\.m2\repository\io\opentelemetry\opentelemetry-api\1.36.0\opentelemetry-api-1.36.0.jar;C:\Users\sunilr.LT-LP-153\.m2\repository\io\opentelemetry\opentelemetry-context\1.36.0\opentelemetry-context-1.36.0.jar;C:\Users\sunilr.LT-LP-153\.m2\repository\io\opentelemetry\opentelemetry-exporter-logging\1.36.0\opentelemetry-exporter-logging-1.36.0.jar;C:\Users\sunilr.LT-LP-153\.m2\repository\io\opentelemetry\opentelemetry-sdk-common\1.36.0\opentelemetry-sdk-common-1.36.0.jar;C:\Users\sunilr.LT-LP-153\.m2\repository\io\opentelemetry\opentelemetry-sdk-extension-autoconfigure-spi\1.36.0\opentelemetry-sdk-extension-autoconfigure-spi-1.36.0.jar;C:\Users\sunilr.LT-LP-153\.m2\repository\io\opentelemetry\opentelemetry-sdk-extension-autoconfigure\1.36.0\opentelemetry-sdk-extension-autoconfigure-1.36.0.jar;C:\Users\sunilr.LT-LP-153\.m2\repository\io\opentelemetry\opentelemetry-api-events\1.36.0-alpha\opentelemetry-api-events-1.36.0-alpha.jar;C:\Users\sunilr.LT-LP-153\.m2\repository\io\opentelemetry\opentelemetry-sdk-trace\1.36.0\opentelemetry-sdk-trace-1.36.0.jar;C:\Users\sunilr.LT-LP-153\.m2\repository\io\opentelemetry\opentelemetry-extension-incubator\1.36.0-alpha\opentelemetry-extension-incubator-1.36.0-alpha.jar;C:\Users\sunilr.LT-LP-153\.m2\repository\io\opentelemetry\opentelemetry-sdk\1.36.0\opentelemetry-sdk-1.36.0.jar;C:\Users\sunilr.LT-LP-153\.m2\repository\io\opentelemetry\opentelemetry-sdk-metrics\1.36.0\opentelemetry-sdk-metrics-1.36.0.jar;C:\Users\sunilr.LT-LP-153\.m2\repository\io\opentelemetry\opentelemetry-sdk-logs\1.36.0\opentelemetry-sdk-logs-1.36.0.jar;C:\Users\sunilr.LT-LP-153\.m2\repository\org\seleniumhq\selenium\selenium-os\4.19.1\selenium-os-4.19.1.jar;C:\Users\sunilr.LT-LP-153\.m2\repository\org\apache\commons\commons-exec\1.3\commons-exec-1.3.jar;C:\Users\sunilr.LT-LP-153\.m2\repository\org\seleniumhq\selenium\selenium-safari-driver\4.19.1\selenium-safari-driver-4.19.1.jar;C:\Users\sunilr.LT-LP-153\.m2\repository\org\seleniumhq\selenium\selenium-support\4.19.1\selenium-support-4.19.1.jar;C:\Users\sunilr.LT-LP-153\.m2\repository\com\google\auto\service\auto-service-annotations\1.1.1\auto-service-annotations-1.1.1.jar;C:\Users\sunilr.LT-LP-153\.m2\repository\com\google\guava\guava\33.1.0-jre\guava-33.1.0-jre.jar;C:\Users\sunilr.LT-LP-153\.m2\repository\com\google\guava\failureaccess\1.0.2\failureaccess-1.0.2.jar;C:\Users\sunilr.LT-LP-153\.m2\repository\com\google\guava\listenablefuture\9999.0-empty-to-avoid-conflict-with-guava\listenablefuture-9999.0-empty-to-avoid-conflict-with-guava.jar;C:\Users\sunilr.LT-LP-153\.m2\repository\com\google\code\findbugs\jsr305\3.0.2\jsr305-3.0.2.jar;C:\Users\sunilr.LT-LP-153\.m2\repository\org\checkerframework\checker-qual\3.42.0\checker-qual-3.42.0.jar;C:\Users\sunilr.LT-LP-153\.m2\repository\com\google\errorprone\error_prone_annotations\2.26.1\error_prone_annotations-2.26.1.jar;C:\Users\sunilr.LT-LP-153\.m2\repository\com\google\j2objc\j2objc-annotations\3.0.0\j2objc-annotations-3.0.0.jar;C:\Users\sunilr.LT-LP-153\.m2\repository\net\bytebuddy\byte-buddy\1.14.12\byte-buddy-1.14.12.jar;C:\Users\sunilr.LT-LP-153\.m2\repository\org\seleniumhq\selenium\selenium-json\4.19.1\selenium-json-4.19.1.jar;C:\Users\sunilr.LT-LP-153\.m2\repository\org\apache\commons\commons-lang3\3.11\commons-lang3-3.11.jar;C:\Users\sunilr.LT-LP-153\.m2\repository\io\appium\java-client\9.2.2\java-client-9.2.2.jar;C:\Users\sunilr.LT-LP-153\.m2\repository\com\google\code\gson\gson\2.10.1\gson-2.10.1.jar;C:\Users\sunilr.LT-LP-153\.m2\repository\com\zebrunner\carina-core\1.2.8\carina-core-1.2.8.jar;C:\Users\sunilr.LT-LP-153\.m2\repository\com\zebrunner\carina-webdriver\1.2.10\carina-webdriver-1.2.10.jar;C:\Users\sunilr.LT-LP-153\.m2\repository\com\zebrunner\carina-commons\1.0.2\carina-commons-1.0.2.jar;C:\Users\sunilr.LT-LP-153\.m2\repository\com\zebrunner\agent-testng-pluggable\1.9.8\agent-testng-pluggable-1.9.8.jar;C:\Users\sunilr.LT-LP-153\.m2\repository\com\zebrunner\agent-core\1.9.8\agent-core-1.9.8.jar;C:\Users\sunilr.LT-LP-153\.m2\repository\org\yaml\snakeyaml\1.30\snakeyaml-1.30.jar;C:\Users\sunilr.LT-LP-153\.m2\repository\com\konghq\unirest-java\3.13.10\unirest-java-3.13.10.jar;C:\Users\sunilr.LT-LP-153\.m2\repository\org\apache\httpcomponents\httpclient\4.5.13\httpclient-4.5.13.jar;C:\Users\sunilr.LT-LP-153\.m2\repository\org\apache\httpcomponents\httpcore\4.4.13\httpcore-4.4.13.jar;C:\Users\sunilr.LT-LP-153\.m2\repository\org\apache\httpcomponents\httpmime\4.5.13\httpmime-4.5.13.jar;C:\Users\sunilr.LT-LP-153\.m2\repository\org\apache\httpcomponents\httpcore-nio\4.4.13\httpcore-nio-4.4.13.jar;C:\Users\sunilr.LT-LP-153\.m2\repository\org\apache\httpcomponents\httpasyncclient\4.1.5\httpasyncclient-4.1.5.jar;C:\Users\sunilr.LT-LP-153\.m2\repository\com\github\kklisura\cdt\cdt-java-client\4.0.0\cdt-java-client-4.0.0.jar;C:\Users\sunilr.LT-LP-153\.m2\repository\javax\websocket\javax.websocket-api\1.1\javax.websocket-api-1.1.jar;C:\Users\sunilr.LT-LP-153\.m2\repository\org\glassfish\tyrus\tyrus-container-grizzly-client\1.13.1\tyrus-container-grizzly-client-1.13.1.jar;C:\Users\sunilr.LT-LP-153\.m2\repository\org\glassfish\grizzly\grizzly-framework\2.3.25\grizzly-framework-2.3.25.jar;C:\Users\sunilr.LT-LP-153\.m2\repository\org\glassfish\grizzly\grizzly-http-server\2.3.25\grizzly-http-server-2.3.25.jar;C:\Users\sunilr.LT-LP-153\.m2\repository\org\glassfish\grizzly\grizzly-http\2.3.25\grizzly-http-2.3.25.jar;C:\Users\sunilr.LT-LP-153\.m2\repository\org\glassfish\tyrus\tyrus-client\1.13.1\tyrus-client-1.13.1.jar;C:\Users\sunilr.LT-LP-153\.m2\repository\org\glassfish\tyrus\tyrus-core\1.13.1\tyrus-core-1.13.1.jar;C:\Users\sunilr.LT-LP-153\.m2\repository\org\glassfish\tyrus\tyrus-spi\1.13.1\tyrus-spi-1.13.1.jar;C:\Users\sunilr.LT-LP-153\.m2\repository\org\javassist\javassist\3.24.1-GA\javassist-3.24.1-GA.jar;C:\Users\sunilr.LT-LP-153\.m2\repository\com\fasterxml\jackson\core\jackson-core\2.11.3\jackson-core-2.11.3.jar;C:\Users\sunilr.LT-LP-153\.m2\repository\com\fasterxml\jackson\core\jackson-annotations\2.11.3\jackson-annotations-2.11.3.jar;C:\Users\sunilr.LT-LP-153\.m2\repository\com\fasterxml\jackson\core\jackson-databind\2.11.3\jackson-databind-2.11.3.jar;C:\Users\sunilr.LT-LP-153\.m2\repository\org\apache\pdfbox\pdfbox\2.0.28\pdfbox-2.0.28.jar;C:\Users\sunilr.LT-LP-153\.m2\repository\org\apache\pdfbox\fontbox\2.0.28\fontbox-2.0.28.jar;C:\Users\sunilr.LT-LP-153\.m2\repository\ru\yandex\qatools\ashot\ashot\1.5.4\ashot-1.5.4.jar;C:\Users\sunilr.LT-LP-153\.m2\repository\joda-time\joda-time\2.9.9\joda-time-2.9.9.jar;C:\Users\sunilr.LT-LP-153\.m2\repository\com\itextpdf\itextpdf\5.5.13.3\itextpdf-5.5.13.3.jar;C:\Users\sunilr.LT-LP-153\.m2\repository\org\reflections\reflections\0.10.2\reflections-0.10.2.jar;C:\Users\sunilr.LT-LP-153\.m2\repository\com\sun\jersey\jersey-core\1.19.4\jersey-core-1.19.4.jar;C:\Users\sunilr.LT-LP-153\.m2\repository\javax\ws\rs\jsr311-api\1.1.1\jsr311-api-1.1.1.jar;C:\Users\sunilr.LT-LP-153\.m2\repository\commons-collections\commons-collections\3.2.2\commons-collections-3.2.2.jar;C:\Users\sunilr.LT-LP-153\.m2\repository\org\hamcrest\hamcrest-core\1.3\hamcrest-core-1.3.jar;C:\Users\sunilr.LT-LP-153\.m2\repository\org\hamcrest\hamcrest-all\1.3\hamcrest-all-1.3.jar;C:\Users\sunilr.LT-LP-153\.m2\repository\org\json\json\20231013\json-20231013.jar;C:\Users\sunilr.LT-LP-153\.m2\repository\org\imgscalr\imgscalr-lib\4.2\imgscalr-lib-4.2.jar;C:\Users\sunilr.LT-LP-153\.m2\repository\org\testng\testng\7.8.0\testng-7.8.0.jar;C:\Users\sunilr.LT-LP-153\.m2\repository\com\beust\jcommander\1.82\jcommander-1.82.jar;C:\Users\sunilr.LT-LP-153\.m2\repository\org\webjars\jquery\3.6.1\jquery-3.6.1.jar;C:\Users\sunilr.LT-LP-153\.m2\repository\org\apache\logging\log4j\log4j-core\2.17.1\log4j-core-2.17.1.jar;C:\Users\sunilr.LT-LP-153\.m2\repository\org\apache\logging\log4j\log4j-slf4j-impl\2.17.1\log4j-slf4j-impl-2.17.1.jar;C:\Users\sunilr.LT-LP-153\.m2\repository\com\nordstrom\tools\testng-foundation\2.0.1\testng-foundation-2.0.1.jar;C:\Users\sunilr.LT-LP-153\.m2\repository\com\nordstrom\tools\java-utils\1.9.3\java-utils-1.9.3.jar;C:\Users\sunilr.LT-LP-153\.m2\repository\com\nordstrom\tools\settings\2.3.3\settings-2.3.3.jar;C:\Users\sunilr.LT-LP-153\.m2\repository\org\apache\commons\commons-configuration2\2.3\commons-configuration2-2.3.jar;C:\Users\sunilr.LT-LP-153\.m2\repository\commons-logging\commons-logging\1.2\commons-logging-1.2.jar;C:\Users\sunilr.LT-LP-153\.m2\repository\commons-beanutils\commons-beanutils\1.9.4\commons-beanutils-1.9.4.jar;C:\Users\sunilr.LT-LP-153\.m2\repository\org\slf4j\slf4j-api\1.7.30\slf4j-api-1.7.30.jar;C:\Users\sunilr.LT-LP-153\.m2\repository\org\apache\logging\log4j\log4j-api\2.17.1\log4j-api-2.17.1.jar;C:\Users\sunilr.LT-LP-153\.m2\repository\com\zebrunner\carina-utils\1.2.6\carina-utils-1.2.6.jar;C:\Users\sunilr.LT-LP-153\.m2\repository\com\zebrunner\carina-crypto\1.0.1\carina-crypto-1.0.1.jar;C:\Users\sunilr.LT-LP-153\.m2\repository\commons-cli\commons-cli\1.5.0\commons-cli-1.5.0.jar;C:\Users\sunilr.LT-LP-153\.m2\repository\commons-codec\commons-codec\1.15\commons-codec-1.15.jar;C:\Users\sunilr.LT-LP-153\.m2\repository\commons-io\commons-io\2.11.0\commons-io-2.11.0.jar;C:\Users\sunilr.LT-LP-153\.m2\repository\net\java\dev\jna\jna\5.13.0\jna-5.13.0.jar;C:\Users\sunilr.LT-LP-153\.m2\repository\org\apache\maven\surefire\surefire-testng\3.1.0\surefire-testng-3.1.0.jar;C:\Users\sunilr.LT-LP-153\.m2\repository\org\apache\maven\surefire\common-java5\3.1.0\common-java5-3.1.0.jar;C:\Users\sunilr.LT-LP-153\.m2\repository\org\apache\maven\surefire\surefire-grouper\3.1.0\surefire-grouper-3.1.0.jar;C:\Users\sunilr.LT-LP-153\.m2\repository\org\apache\maven\surefire\surefire-testng-utils\3.1.0\surefire-testng-utils-3.1.0.jar"/>
    <property name="java.vm.vendor" value="Oracle Corporation"/>
    <property name="sun.arch.data.model" value="64"/>
    <property name="user.variant" value=""/>
    <property name="java.vendor.url" value="https://java.oracle.com/"/>
    <property name="user.timezone" value="Asia/Calcutta"/>
    <property name="os.name" value="Windows 11"/>
    <property name="java.vm.specification.version" value="22"/>
    <property name="sun.java.launcher" value="SUN_STANDARD"/>
    <property name="user.country" value="IN"/>
    <property name="sun.boot.library.path" value="C:\Program Files\Java\jdk-22\bin"/>
    <property name="sun.java.command" value="org.apache.maven.surefire.booter.ForkedBooter C:\Users\sunilr.LT-LP-153\AppData\Local\Temp\surefire15313609553142758992 2024-04-02T20-31-51_236-jvmRun1 surefire-20240402203151370_1tmp surefire_0-20240402203151370_2tmp"/>
    <property name="jdk.debug" value="release"/>
    <property name="surefire.test.class.path" value="C:\Users\sunilr.LT-LP-153\Desktop\LT-appium-carina-testng\carina--demo\target\test-classes;C:\Users\sunilr.LT-LP-153\Desktop\LT-appium-carina-testng\carina--demo\target\classes;C:\Users\sunilr.LT-LP-153\.m2\repository\org\seleniumhq\selenium\selenium-java\4.19.1\selenium-java-4.19.1.jar;C:\Users\sunilr.LT-LP-153\.m2\repository\org\seleniumhq\selenium\selenium-api\4.19.1\selenium-api-4.19.1.jar;C:\Users\sunilr.LT-LP-153\.m2\repository\org\seleniumhq\selenium\selenium-chrome-driver\4.19.1\selenium-chrome-driver-4.19.1.jar;C:\Users\sunilr.LT-LP-153\.m2\repository\org\seleniumhq\selenium\selenium-chromium-driver\4.19.1\selenium-chromium-driver-4.19.1.jar;C:\Users\sunilr.LT-LP-153\.m2\repository\org\seleniumhq\selenium\selenium-manager\4.19.1\selenium-manager-4.19.1.jar;C:\Users\sunilr.LT-LP-153\.m2\repository\org\seleniumhq\selenium\selenium-devtools-v121\4.19.1\selenium-devtools-v121-4.19.1.jar;C:\Users\sunilr.LT-LP-153\.m2\repository\org\seleniumhq\selenium\selenium-devtools-v122\4.19.1\selenium-devtools-v122-4.19.1.jar;C:\Users\sunilr.LT-LP-153\.m2\repository\org\seleniumhq\selenium\selenium-devtools-v123\4.19.1\selenium-devtools-v123-4.19.1.jar;C:\Users\sunilr.LT-LP-153\.m2\repository\org\seleniumhq\selenium\selenium-devtools-v85\4.19.1\selenium-devtools-v85-4.19.1.jar;C:\Users\sunilr.LT-LP-153\.m2\repository\org\seleniumhq\selenium\selenium-edge-driver\4.19.1\selenium-edge-driver-4.19.1.jar;C:\Users\sunilr.LT-LP-153\.m2\repository\org\seleniumhq\selenium\selenium-firefox-driver\4.19.1\selenium-firefox-driver-4.19.1.jar;C:\Users\sunilr.LT-LP-153\.m2\repository\org\seleniumhq\selenium\selenium-http\4.19.1\selenium-http-4.19.1.jar;C:\Users\sunilr.LT-LP-153\.m2\repository\dev\failsafe\failsafe\3.3.2\failsafe-3.3.2.jar;C:\Users\sunilr.LT-LP-153\.m2\repository\org\seleniumhq\selenium\selenium-ie-driver\4.19.1\selenium-ie-driver-4.19.1.jar;C:\Users\sunilr.LT-LP-153\.m2\repository\org\seleniumhq\selenium\selenium-remote-driver\4.19.1\selenium-remote-driver-4.19.1.jar;C:\Users\sunilr.LT-LP-153\.m2\repository\io\opentelemetry\semconv\opentelemetry-semconv\1.23.1-alpha\opentelemetry-semconv-1.23.1-alpha.jar;C:\Users\sunilr.LT-LP-153\.m2\repository\io\opentelemetry\opentelemetry-api\1.36.0\opentelemetry-api-1.36.0.jar;C:\Users\sunilr.LT-LP-153\.m2\repository\io\opentelemetry\opentelemetry-context\1.36.0\opentelemetry-context-1.36.0.jar;C:\Users\sunilr.LT-LP-153\.m2\repository\io\opentelemetry\opentelemetry-exporter-logging\1.36.0\opentelemetry-exporter-logging-1.36.0.jar;C:\Users\sunilr.LT-LP-153\.m2\repository\io\opentelemetry\opentelemetry-sdk-common\1.36.0\opentelemetry-sdk-common-1.36.0.jar;C:\Users\sunilr.LT-LP-153\.m2\repository\io\opentelemetry\opentelemetry-sdk-extension-autoconfigure-spi\1.36.0\opentelemetry-sdk-extension-autoconfigure-spi-1.36.0.jar;C:\Users\sunilr.LT-LP-153\.m2\repository\io\opentelemetry\opentelemetry-sdk-extension-autoconfigure\1.36.0\opentelemetry-sdk-extension-autoconfigure-1.36.0.jar;C:\Users\sunilr.LT-LP-153\.m2\repository\io\opentelemetry\opentelemetry-api-events\1.36.0-alpha\opentelemetry-api-events-1.36.0-alpha.jar;C:\Users\sunilr.LT-LP-153\.m2\repository\io\opentelemetry\opentelemetry-sdk-trace\1.36.0\opentelemetry-sdk-trace-1.36.0.jar;C:\Users\sunilr.LT-LP-153\.m2\repository\io\opentelemetry\opentelemetry-extension-incubator\1.36.0-alpha\opentelemetry-extension-incubator-1.36.0-alpha.jar;C:\Users\sunilr.LT-LP-153\.m2\repository\io\opentelemetry\opentelemetry-sdk\1.36.0\opentelemetry-sdk-1.36.0.jar;C:\Users\sunilr.LT-LP-153\.m2\repository\io\opentelemetry\opentelemetry-sdk-metrics\1.36.0\opentelemetry-sdk-metrics-1.36.0.jar;C:\Users\sunilr.LT-LP-153\.m2\repository\io\opentelemetry\opentelemetry-sdk-logs\1.36.0\opentelemetry-sdk-logs-1.36.0.jar;C:\Users\sunilr.LT-LP-153\.m2\repository\org\seleniumhq\selenium\selenium-os\4.19.1\selenium-os-4.19.1.jar;C:\Users\sunilr.LT-LP-153\.m2\repository\org\apache\commons\commons-exec\1.3\commons-exec-1.3.jar;C:\Users\sunilr.LT-LP-153\.m2\repository\org\seleniumhq\selenium\selenium-safari-driver\4.19.1\selenium-safari-driver-4.19.1.jar;C:\Users\sunilr.LT-LP-153\.m2\repository\org\seleniumhq\selenium\selenium-support\4.19.1\selenium-support-4.19.1.jar;C:\Users\sunilr.LT-LP-153\.m2\repository\com\google\auto\service\auto-service-annotations\1.1.1\auto-service-annotations-1.1.1.jar;C:\Users\sunilr.LT-LP-153\.m2\repository\com\google\guava\guava\33.1.0-jre\guava-33.1.0-jre.jar;C:\Users\sunilr.LT-LP-153\.m2\repository\com\google\guava\failureaccess\1.0.2\failureaccess-1.0.2.jar;C:\Users\sunilr.LT-LP-153\.m2\repository\com\google\guava\listenablefuture\9999.0-empty-to-avoid-conflict-with-guava\listenablefuture-9999.0-empty-to-avoid-conflict-with-guava.jar;C:\Users\sunilr.LT-LP-153\.m2\repository\com\google\code\findbugs\jsr305\3.0.2\jsr305-3.0.2.jar;C:\Users\sunilr.LT-LP-153\.m2\repository\org\checkerframework\checker-qual\3.42.0\checker-qual-3.42.0.jar;C:\Users\sunilr.LT-LP-153\.m2\repository\com\google\errorprone\error_prone_annotations\2.26.1\error_prone_annotations-2.26.1.jar;C:\Users\sunilr.LT-LP-153\.m2\repository\com\google\j2objc\j2objc-annotations\3.0.0\j2objc-annotations-3.0.0.jar;C:\Users\sunilr.LT-LP-153\.m2\repository\net\bytebuddy\byte-buddy\1.14.12\byte-buddy-1.14.12.jar;C:\Users\sunilr.LT-LP-153\.m2\repository\org\seleniumhq\selenium\selenium-json\4.19.1\selenium-json-4.19.1.jar;C:\Users\sunilr.LT-LP-153\.m2\repository\org\apache\commons\commons-lang3\3.11\commons-lang3-3.11.jar;C:\Users\sunilr.LT-LP-153\.m2\repository\io\appium\java-client\9.2.2\java-client-9.2.2.jar;C:\Users\sunilr.LT-LP-153\.m2\repository\com\google\code\gson\gson\2.10.1\gson-2.10.1.jar;C:\Users\sunilr.LT-LP-153\.m2\repository\com\zebrunner\carina-core\1.2.8\carina-core-1.2.8.jar;C:\Users\sunilr.LT-LP-153\.m2\repository\com\zebrunner\carina-webdriver\1.2.10\carina-webdriver-1.2.10.jar;C:\Users\sunilr.LT-LP-153\.m2\repository\com\zebrunner\carina-commons\1.0.2\carina-commons-1.0.2.jar;C:\Users\sunilr.LT-LP-153\.m2\repository\com\zebrunner\agent-testng-pluggable\1.9.8\agent-testng-pluggable-1.9.8.jar;C:\Users\sunilr.LT-LP-153\.m2\repository\com\zebrunner\agent-core\1.9.8\agent-core-1.9.8.jar;C:\Users\sunilr.LT-LP-153\.m2\repository\org\yaml\snakeyaml\1.30\snakeyaml-1.30.jar;C:\Users\sunilr.LT-LP-153\.m2\repository\com\konghq\unirest-java\3.13.10\unirest-java-3.13.10.jar;C:\Users\sunilr.LT-LP-153\.m2\repository\org\apache\httpcomponents\httpclient\4.5.13\httpclient-4.5.13.jar;C:\Users\sunilr.LT-LP-153\.m2\repository\org\apache\httpcomponents\httpcore\4.4.13\httpcore-4.4.13.jar;C:\Users\sunilr.LT-LP-153\.m2\repository\org\apache\httpcomponents\httpmime\4.5.13\httpmime-4.5.13.jar;C:\Users\sunilr.LT-LP-153\.m2\repository\org\apache\httpcomponents\httpcore-nio\4.4.13\httpcore-nio-4.4.13.jar;C:\Users\sunilr.LT-LP-153\.m2\repository\org\apache\httpcomponents\httpasyncclient\4.1.5\httpasyncclient-4.1.5.jar;C:\Users\sunilr.LT-LP-153\.m2\repository\com\github\kklisura\cdt\cdt-java-client\4.0.0\cdt-java-client-4.0.0.jar;C:\Users\sunilr.LT-LP-153\.m2\repository\javax\websocket\javax.websocket-api\1.1\javax.websocket-api-1.1.jar;C:\Users\sunilr.LT-LP-153\.m2\repository\org\glassfish\tyrus\tyrus-container-grizzly-client\1.13.1\tyrus-container-grizzly-client-1.13.1.jar;C:\Users\sunilr.LT-LP-153\.m2\repository\org\glassfish\grizzly\grizzly-framework\2.3.25\grizzly-framework-2.3.25.jar;C:\Users\sunilr.LT-LP-153\.m2\repository\org\glassfish\grizzly\grizzly-http-server\2.3.25\grizzly-http-server-2.3.25.jar;C:\Users\sunilr.LT-LP-153\.m2\repository\org\glassfish\grizzly\grizzly-http\2.3.25\grizzly-http-2.3.25.jar;C:\Users\sunilr.LT-LP-153\.m2\repository\org\glassfish\tyrus\tyrus-client\1.13.1\tyrus-client-1.13.1.jar;C:\Users\sunilr.LT-LP-153\.m2\repository\org\glassfish\tyrus\tyrus-core\1.13.1\tyrus-core-1.13.1.jar;C:\Users\sunilr.LT-LP-153\.m2\repository\org\glassfish\tyrus\tyrus-spi\1.13.1\tyrus-spi-1.13.1.jar;C:\Users\sunilr.LT-LP-153\.m2\repository\org\javassist\javassist\3.24.1-GA\javassist-3.24.1-GA.jar;C:\Users\sunilr.LT-LP-153\.m2\repository\com\fasterxml\jackson\core\jackson-core\2.11.3\jackson-core-2.11.3.jar;C:\Users\sunilr.LT-LP-153\.m2\repository\com\fasterxml\jackson\core\jackson-annotations\2.11.3\jackson-annotations-2.11.3.jar;C:\Users\sunilr.LT-LP-153\.m2\repository\com\fasterxml\jackson\core\jackson-databind\2.11.3\jackson-databind-2.11.3.jar;C:\Users\sunilr.LT-LP-153\.m2\repository\org\apache\pdfbox\pdfbox\2.0.28\pdfbox-2.0.28.jar;C:\Users\sunilr.LT-LP-153\.m2\repository\org\apache\pdfbox\fontbox\2.0.28\fontbox-2.0.28.jar;C:\Users\sunilr.LT-LP-153\.m2\repository\ru\yandex\qatools\ashot\ashot\1.5.4\ashot-1.5.4.jar;C:\Users\sunilr.LT-LP-153\.m2\repository\joda-time\joda-time\2.9.9\joda-time-2.9.9.jar;C:\Users\sunilr.LT-LP-153\.m2\repository\com\itextpdf\itextpdf\5.5.13.3\itextpdf-5.5.13.3.jar;C:\Users\sunilr.LT-LP-153\.m2\repository\org\reflections\reflections\0.10.2\reflections-0.10.2.jar;C:\Users\sunilr.LT-LP-153\.m2\repository\com\sun\jersey\jersey-core\1.19.4\jersey-core-1.19.4.jar;C:\Users\sunilr.LT-LP-153\.m2\repository\javax\ws\rs\jsr311-api\1.1.1\jsr311-api-1.1.1.jar;C:\Users\sunilr.LT-LP-153\.m2\repository\commons-collections\commons-collections\3.2.2\commons-collections-3.2.2.jar;C:\Users\sunilr.LT-LP-153\.m2\repository\org\hamcrest\hamcrest-core\1.3\hamcrest-core-1.3.jar;C:\Users\sunilr.LT-LP-153\.m2\repository\org\hamcrest\hamcrest-all\1.3\hamcrest-all-1.3.jar;C:\Users\sunilr.LT-LP-153\.m2\repository\org\json\json\20231013\json-20231013.jar;C:\Users\sunilr.LT-LP-153\.m2\repository\org\imgscalr\imgscalr-lib\4.2\imgscalr-lib-4.2.jar;C:\Users\sunilr.LT-LP-153\.m2\repository\org\testng\testng\7.8.0\testng-7.8.0.jar;C:\Users\sunilr.LT-LP-153\.m2\repository\com\beust\jcommander\1.82\jcommander-1.82.jar;C:\Users\sunilr.LT-LP-153\.m2\repository\org\webjars\jquery\3.6.1\jquery-3.6.1.jar;C:\Users\sunilr.LT-LP-153\.m2\repository\org\apache\logging\log4j\log4j-core\2.17.1\log4j-core-2.17.1.jar;C:\Users\sunilr.LT-LP-153\.m2\repository\org\apache\logging\log4j\log4j-slf4j-impl\2.17.1\log4j-slf4j-impl-2.17.1.jar;C:\Users\sunilr.LT-LP-153\.m2\repository\com\nordstrom\tools\testng-foundation\2.0.1\testng-foundation-2.0.1.jar;C:\Users\sunilr.LT-LP-153\.m2\repository\com\nordstrom\tools\java-utils\1.9.3\java-utils-1.9.3.jar;C:\Users\sunilr.LT-LP-153\.m2\repository\com\nordstrom\tools\settings\2.3.3\settings-2.3.3.jar;C:\Users\sunilr.LT-LP-153\.m2\repository\org\apache\commons\commons-configuration2\2.3\commons-configuration2-2.3.jar;C:\Users\sunilr.LT-LP-153\.m2\repository\commons-logging\commons-logging\1.2\commons-logging-1.2.jar;C:\Users\sunilr.LT-LP-153\.m2\repository\commons-beanutils\commons-beanutils\1.9.4\commons-beanutils-1.9.4.jar;C:\Users\sunilr.LT-LP-153\.m2\repository\org\slf4j\slf4j-api\1.7.30\slf4j-api-1.7.30.jar;C:\Users\sunilr.LT-LP-153\.m2\repository\org\apache\logging\log4j\log4j-api\2.17.1\log4j-api-2.17.1.jar;C:\Users\sunilr.LT-LP-153\.m2\repository\com\zebrunner\carina-utils\1.2.6\carina-utils-1.2.6.jar;C:\Users\sunilr.LT-LP-153\.m2\repository\com\zebrunner\carina-crypto\1.0.1\carina-crypto-1.0.1.jar;C:\Users\sunilr.LT-LP-153\.m2\repository\commons-cli\commons-cli\1.5.0\commons-cli-1.5.0.jar;C:\Users\sunilr.LT-LP-153\.m2\repository\commons-codec\commons-codec\1.15\commons-codec-1.15.jar;C:\Users\sunilr.LT-LP-153\.m2\repository\commons-io\commons-io\2.11.0\commons-io-2.11.0.jar;C:\Users\sunilr.LT-LP-153\.m2\repository\net\java\dev\jna\jna\5.13.0\jna-5.13.0.jar;"/>
    <property name="sun.cpu.endian" value="little"/>
    <property name="user.home" value="C:\Users\sunilr.LT-LP-153"/>
    <property name="user.language" value="en"/>
    <property name="java.specification.vendor" value="Oracle Corporation"/>
    <property name="java.version.date" value="2024-03-19"/>
    <property name="java.home" value="C:\Program Files\Java\jdk-22"/>
    <property name="file.separator" value="\"/>
    <property name="basedir" value="C:\Users\sunilr.LT-LP-153\Desktop\LT-appium-carina-testng\carina--demo"/>
    <property name="java.vm.compressedOopsMode" value="Zero based"/>
    <property name="line.separator" value="&#10;"/>
    <property name="java.vm.specification.vendor" value="Oracle Corporation"/>
    <property name="java.specification.name" value="Java Platform API Specification"/>
    <property name="user.script" value=""/>
    <property name="sun.management.compiler" value="HotSpot 64-Bit Tiered Compilers"/>
    <property name="java.runtime.version" value="22+36-2370"/>
    <property name="user.name" value="sunilr"/>
    <property name="stdout.encoding" value="Cp1252"/>
    <property name="path.separator" value=";"/>
    <property name="os.version" value="10.0"/>
    <property name="java.runtime.name" value="Java(TM) SE Runtime Environment"/>
    <property name="file.encoding" value="UTF-8"/>
    <property name="java.vm.name" value="Java HotSpot(TM) 64-Bit Server VM"/>
    <property name="localRepository" value="C:\Users\sunilr.LT-LP-153\.m2\repository"/>
    <property name="java.vendor.url.bug" value="https://bugreport.java.com/bugreport/"/>
    <property name="java.io.tmpdir" value="C:\Users\SUNILR~1.LT-\AppData\Local\Temp\"/>
    <property name="java.version" value="22"/>
    <property name="user.dir" value="C:\Users\sunilr.LT-LP-153\Desktop\LT-appium-carina-testng\carina--demo"/>
    <property name="os.arch" value="amd64"/>
    <property name="java.vm.specification.name" value="Java Virtual Machine Specification"/>
    <property name="sun.os.patch.level" value=""/>
    <property name="native.encoding" value="Cp1252"/>
    <property name="java.library.path" value="C:\Program Files\Java\jdk-22\bin;C:\Windows\Sun\Java\bin;C:\Windows\system32;C:\Windows;C:\Program Files\Common Files\Oracle\Java\javapath;C:\Program Files (x86)\Common Files\Oracle\Java\javapath;C:\Windows\system32;C:\Windows;C:\Windows\System32\Wbem;C:\Windows\System32\WindowsPowerShell\v1.0\;C:\Windows\System32\OpenSSH\;C:\Program Files\Microsoft SQL Server\150\Tools\Binn\;C:\Program Files\Microsoft SQL Server\Client SDK\ODBC\170\Tools\Binn\;C:\Program Files\dotnet\;C:\Program Files\Maven\apache-maven-3.9.6;C:\Program Files\Maven\apache-maven-3.9.6\bin;C:\Program Files\Git\cmd;C:\Program Files\Maven\apache-maven-3.9.6\bin;C:\Program Files\nodejs\;C:\Users\sunilr.LT-LP-153\AppData\Local\Microsoft\WindowsApps;C:\Users\sunilr.LT-LP-153\AppData\Local\Programs\Microsoft VS Code\bin;C:\Users\sunilr.LT-LP-153\AppData\Local\Microsoft\WinGet\Packages\ezwinports.make_Microsoft.Winget.Source_8wekyb3d8bbwe\bin;C:\Users\sunilr.LT-LP-153\.dotnet\tools;C:\Users\sunilr.LT-LP-153\AppData\Roaming\npm;."/>
    <property name="java.vm.info" value="mixed mode, sharing"/>
    <property name="stderr.encoding" value="Cp1252"/>
    <property name="java.vendor" value="Oracle Corporation"/>
    <property name="java.vm.version" value="22+36-2370"/>
    <property name="sun.io.unicode.encoding" value="UnicodeLittle"/>
    <property name="java.class.version" value="66.0"/>
    <property name="reporting.run.environment" value="DEMO"/>
  </properties>
  <testcase name="AndroidApp" classname="com.zebrunner.carina.demo.pages.MobileSampleTest" time="1.257">
    <failure message="java.net.URISyntaxException: Illegal character in authority at index 9: https://${LT_USERNAME}:${LT_ACCESS_KEY}pAR@mobile-hub.lambdatest.com/wd/hub" type="java.lang.RuntimeException"><![CDATA[java.lang.RuntimeException: java.net.URISyntaxException: Illegal character in authority at index 9: https://${LT_USERNAME}:${LT_ACCESS_KEY}pAR@mobile-hub.lambdatest.com/wd/hub
	at io.appium.java_client.AppiumClientConfig.baseUrl(AppiumClientConfig.java:136)
	at com.zebrunner.carina.webdriver.core.factory.impl.MobileFactory.create(MobileFactory.java:109)
	at com.zebrunner.carina.webdriver.core.factory.DriverFactory.create(DriverFactory.java:89)
	at com.zebrunner.carina.webdriver.IDriverPool.createDriver(IDriverPool.java:376)
	at com.zebrunner.carina.webdriver.IDriverPool.getDriver(IDriverPool.java:122)
	at com.zebrunner.carina.webdriver.IDriverPool.getDriver(IDriverPool.java:85)
	at com.zebrunner.carina.webdriver.IDriverPool.getDriver(IDriverPool.java:73)
	at com.zebrunner.carina.demo.pages.MobileSampleTest.AndroidApp(MobileSampleTest.java:41)
	at java.base/jdk.internal.reflect.DirectMethodHandleAccessor.invoke(DirectMethodHandleAccessor.java:103)
	at java.base/java.lang.reflect.Method.invoke(Method.java:580)
	at org.testng.internal.invokers.MethodInvocationHelper.invokeMethod(MethodInvocationHelper.java:139)
	at org.testng.internal.invokers.TestInvoker.invokeMethod(TestInvoker.java:664)
	at org.testng.internal.invokers.TestInvoker.invokeTestMethod(TestInvoker.java:227)
	at org.testng.internal.invokers.MethodRunner.runInSequence(MethodRunner.java:50)
	at org.testng.internal.invokers.TestInvoker$MethodInvocationAgent.invoke(TestInvoker.java:957)
	at org.testng.internal.invokers.TestInvoker.invokeTestMethods(TestInvoker.java:200)
	at org.testng.internal.invokers.TestMethodWorker.invokeTestMethods(TestMethodWorker.java:148)
	at org.testng.internal.invokers.TestMethodWorker.run(TestMethodWorker.java:128)
	at java.base/java.util.concurrent.ThreadPoolExecutor.runWorker(ThreadPoolExecutor.java:1144)
	at java.base/java.util.concurrent.ThreadPoolExecutor$Worker.run(ThreadPoolExecutor.java:642)
	at java.base/java.lang.Thread.run(Thread.java:1570)
Caused by: java.net.URISyntaxException: Illegal character in authority at index 9: https://${LT_USERNAME}:${LT_ACCESS_KEY}pAR@mobile-hub.lambdatest.com/wd/hub
	at java.base/java.net.URI$Parser.fail(URI.java:2995)
	at java.base/java.net.URI$Parser.parseAuthority(URI.java:3344)
	at java.base/java.net.URI$Parser.parseHierarchical(URI.java:3240)
	at java.base/java.net.URI$Parser.parse(URI.java:3196)
	at java.base/java.net.URI.<init>(URI.java:645)
	at java.base/java.net.URL.toURI(URL.java:1220)
	at io.appium.java_client.AppiumClientConfig.baseUrl(AppiumClientConfig.java:134)
	... 20 more
]]></failure>
    <system-out><![CDATA[2024-04-02 20:31:54 CarinaListener [main] [INFO] 
============= Basic configuration =============
env=DEMO
=========== WebDriver configuration ===========
locale=en_GB
-------------- Driver capabilities ------------
============= Report configuration ============
app_version=1.0.0
============= Test configuration ==============
custom_capabilities=lambdatest-android.properties
===============================================

2024-04-02 20:31:54 CapabilitiesLoader [main-1] [INFO] Loading capabilities to global context from lambdatest-android.properties
2024-04-02 20:31:54 CapabilitiesLoader [main-1] [INFO] Custom capabilities properties loaded: 'lambdatest-android.properties'
2024-04-02 20:31:54 CapabilitiesLoader [main-1] [INFO] Set custom property: capabilities.platformName; value: android
2024-04-02 20:31:54 CapabilitiesLoader [main-1] [INFO] Set custom property: capabilities.build; value: Java Carina
2024-04-02 20:31:54 CapabilitiesLoader [main-1] [INFO] Set custom property: capabilities.network; value: true
2024-04-02 20:31:54 CapabilitiesLoader [main-1] [INFO] Set custom property: capabilities.visual; value: true
2024-04-02 20:31:54 CapabilitiesLoader [main-1] [INFO] Set custom property: capabilities.appiumVersion; value: 2.3.0
2024-04-02 20:31:54 CapabilitiesLoader [main-1] [INFO] Set custom property: selenium_url; value: https://${LT_USERNAME}:${LT_ACCESS_KEY}pAR@mobile-hub.lambdatest.com/wd/hub
2024-04-02 20:31:54 CapabilitiesLoader [main-1] [INFO] Set custom property: capabilities.name; value: Test name
2024-04-02 20:31:54 CapabilitiesLoader [main-1] [INFO] Set custom property: capabilities.platformVersion; value: 14
2024-04-02 20:31:54 CapabilitiesLoader [main-1] [INFO] Set custom property: capabilities.devicelog; value: true
2024-04-02 20:31:54 CapabilitiesLoader [main-1] [INFO] Set custom property: capabilities.deviceName; value: Galaxy S24
2024-04-02 20:31:54 CapabilitiesLoader [main-1] [INFO] Set custom property: capabilities.isRealMobile; value: true
2024-04-02 20:31:54 CapabilitiesLoader [main-1] [INFO] Set custom property: capabilities.app; value: lt://APP1016026231711994548354653
2024-04-02 20:31:54 CapabilitiesLoader [main-1] [INFO] Set custom property: capabilities.autoAcceptAlerts; value: true
2024-04-02 20:31:54 TestRunRegistrar [main-1] [WARN] Reporting disabled: using no op test run registrar
2024-04-02 20:31:56 CarinaListener [main-1] [INFO] Set thread-count=1
2024-04-02 20:31:56 CarinaListener [main-1] [INFO] Set data-provider-thread-count=1
2024-04-02 20:31:56 CarinaListener [main-1] [INFO] CARINA_CORE_VERSION: 1.2.8
2024-04-02 20:31:56 TestRunRegistrar [TestNG-test=Mobile test-1] [WARN] Reporting disabled: using no op test run registrar
2024-04-02 20:31:56 Messager [TestNG-test=Mobile test-1-43] [INFO] TEST [Mobile test - AndroidApp] STARTED at [20:31:56 2024-04-02]
2024-04-02 20:31:56 DriverFactory [TestNG-test=Mobile test-1-43] [INFO] Starting driver session...
2024-04-02 20:31:57 DriverFactory [TestNG-test=Mobile test-1-43] [INFO] Starting driver session...
2024-04-02 20:31:57 Messager [TestNG-test=Mobile test-1-43] [ERROR] TEST [Mobile test - AndroidApp] FAILED at [20:31:57 2024-04-02] - java.net.URISyntaxException: Illegal character in authority at index 9: https://${LT_USERNAME}:${LT_ACCESS_KEY}pAR@mobile-hub.lambdatest.com/wd/hub

io.appium.java_client.AppiumClientConfig.baseUrl(AppiumClientConfig.java:136)
com.zebrunner.carina.webdriver.core.factory.impl.MobileFactory.create(MobileFactory.java:109)
com.zebrunner.carina.webdriver.core.factory.DriverFactory.create(DriverFactory.java:89)
com.zebrunner.carina.webdriver.IDriverPool.createDriver(IDriverPool.java:376)
com.zebrunner.carina.webdriver.IDriverPool.getDriver(IDriverPool.java:122)
com.zebrunner.carina.webdriver.IDriverPool.getDriver(IDriverPool.java:85)
com.zebrunner.carina.webdriver.IDriverPool.getDriver(IDriverPool.java:73)
com.zebrunner.carina.demo.pages.MobileSampleTest.AndroidApp(MobileSampleTest.java:41)
java.base/jdk.internal.reflect.DirectMethodHandleAccessor.invoke(DirectMethodHandleAccessor.java:103)
java.base/java.lang.reflect.Method.invoke(Method.java:580)
org.testng.internal.invokers.MethodInvocationHelper.invokeMethod(MethodInvocationHelper.java:139)
org.testng.internal.invokers.TestInvoker.invokeMethod(TestInvoker.java:664)
org.testng.internal.invokers.TestInvoker.invokeTestMethod(TestInvoker.java:227)
org.testng.internal.invokers.MethodRunner.runInSequence(MethodRunner.java:50)
org.testng.internal.invokers.TestInvoker$MethodInvocationAgent.invoke(TestInvoker.java:957)
org.testng.internal.invokers.TestInvoker.invokeTestMethods(TestInvoker.java:200)
org.testng.internal.invokers.TestMethodWorker.invokeTestMethods(TestMethodWorker.java:148)
org.testng.internal.invokers.TestMethodWorker.run(TestMethodWorker.java:128)
java.base/java.util.concurrent.ThreadPoolExecutor.runWorker(ThreadPoolExecutor.java:1144)
java.base/java.util.concurrent.ThreadPoolExecutor$Worker.run(ThreadPoolExecutor.java:642)
java.base/java.lang.Thread.run(Thread.java:1570)
]]></system-out>
    <system-err><![CDATA[java.lang.RuntimeException: java.net.URISyntaxException: Illegal character in authority at index 9: https://${LT_USERNAME}:${LT_ACCESS_KEY}pAR@mobile-hub.lambdatest.com/wd/hub
	at io.appium.java_client.AppiumClientConfig.baseUrl(AppiumClientConfig.java:136)
	at com.zebrunner.carina.webdriver.core.factory.impl.MobileFactory.create(MobileFactory.java:109)
	at com.zebrunner.carina.webdriver.core.factory.DriverFactory.create(DriverFactory.java:89)
	at com.zebrunner.carina.webdriver.IDriverPool.createDriver(IDriverPool.java:376)
	at com.zebrunner.carina.webdriver.IDriverPool.getDriver(IDriverPool.java:122)
	at com.zebrunner.carina.webdriver.IDriverPool.getDriver(IDriverPool.java:85)
	at com.zebrunner.carina.webdriver.IDriverPool.getDriver(IDriverPool.java:73)
	at com.zebrunner.carina.demo.pages.MobileSampleTest.AndroidApp(MobileSampleTest.java:27)
	at java.base/jdk.internal.reflect.DirectMethodHandleAccessor.invoke(DirectMethodHandleAccessor.java:103)
	at java.base/java.lang.reflect.Method.invoke(Method.java:580)
	at org.testng.internal.invokers.MethodInvocationHelper.invokeMethod(MethodInvocationHelper.java:139)
	at org.testng.internal.invokers.TestInvoker.invokeMethod(TestInvoker.java:664)
	at org.testng.internal.invokers.TestInvoker.invokeTestMethod(TestInvoker.java:227)
	at org.testng.internal.invokers.MethodRunner.runInSequence(MethodRunner.java:50)
	at org.testng.internal.invokers.TestInvoker$MethodInvocationAgent.invoke(TestInvoker.java:957)
	at org.testng.internal.invokers.TestInvoker.invokeTestMethods(TestInvoker.java:200)
	at org.testng.internal.invokers.TestMethodWorker.invokeTestMethods(TestMethodWorker.java:148)
	at org.testng.internal.invokers.TestMethodWorker.run(TestMethodWorker.java:128)
	at java.base/java.util.concurrent.ThreadPoolExecutor.runWorker(ThreadPoolExecutor.java:1144)
	at java.base/java.util.concurrent.ThreadPoolExecutor$Worker.run(ThreadPoolExecutor.java:642)
	at java.base/java.lang.Thread.run(Thread.java:1570)
Caused by: java.net.URISyntaxException: Illegal character in authority at index 9: https://${LT_USERNAME}:${LT_ACCESS_KEY}pAR@mobile-hub.lambdatest.com/wd/hub
	at java.base/java.net.URI$Parser.fail(URI.java:2995)
	at java.base/java.net.URI$Parser.parseAuthority(URI.java:3344)
	at java.base/java.net.URI$Parser.parseHierarchical(URI.java:3240)
	at java.base/java.net.URI$Parser.parse(URI.java:3196)
	at java.base/java.net.URI.<init>(URI.java:645)
	at java.base/java.net.URL.toURI(URL.java:1220)
	at io.appium.java_client.AppiumClientConfig.baseUrl(AppiumClientConfig.java:134)
	... 20 more
]]></system-err>
  </testcase>
</testsuite>